<?xml version="1.0" encoding="UTF-8"?>
<testng-results ignored="0" total="1" passed="1" failed="0" skipped="0">
  <reporter-output>
  </reporter-output>
  <suite started-at="2026-07-12T19:08:22 IST" name="Default suite" finished-at="2026-07-12T19:08:36 IST" duration-ms="13817">
    <groups>
    </groups>
    <test started-at="2026-07-12T19:08:22 IST" name="Default test" finished-at="2026-07-12T19:08:36 IST" duration-ms="13817">
      <class name="base.SortTest">
        <test-method is-config="true" signature="initializebrowser()[pri:0, instance:base.SortTest@4802796d]" started-at="2026-07-12T19:08:22 IST" name="initializebrowser" finished-at="2026-07-12T19:08:29 IST" duration-ms="6564" status="PASS">
          <reporter-output>
          </reporter-output>
        </test-method> <!-- initializebrowser -->
        <test-method signature="sortTest()[pri:0, instance:base.SortTest@4802796d]" started-at="2026-07-12T19:08:29 IST" name="sortTest" finished-at="2026-07-12T19:08:36 IST" duration-ms="6909" status="PASS">
          <reporter-output>
          </reporter-output>
        </test-method> <!-- sortTest -->
        <test-method is-config="true" signature="browserQuit()[pri:0, instance:base.SortTest@4802796d]" started-at="2026-07-12T19:08:36 IST" name="browserQuit" finished-at="2026-07-12T19:08:36 IST" duration-ms="296" status="PASS">
          <reporter-output>
          </reporter-output>
        </test-method> <!-- browserQuit -->
      </class> <!-- base.SortTest -->
    </test> <!-- Default test -->
  </suite> <!-- Default suite -->
</testng-results>
